<?xml version="1.0" encoding="UTF-8"?>
<!-- Generated by org.testng.reporters.JUnitReportReporter -->
<testsuite hostname="DESKTOP-QVJEVT1" failures="0" tests="1" name="miniproject.Tests.ErrorValidations" time="4.910" errors="0" timestamp="2024-03-22T17:35:07 IST" skipped="0">
  <testcase classname="miniproject.Tests.ErrorValidations" name="SubmitOrder" time="4.910"/>
</testsuite> <!-- miniproject.Tests.ErrorValidations -->
