<?xml version="1.0" encoding="UTF-8"?>
<!-- Generated by org.testng.reporters.JUnitReportReporter -->
<testsuite hostname="DESKTOP-QVJEVT1" failures="0" tests="2" name="miniproject.Tests.StandAloneTest" time="14.051" errors="0" timestamp="2024-03-23T12:51:27 IST" skipped="0">
  <testcase classname="miniproject.Tests.StandAloneTest" name="SubmitOrder" time="8.465"/>
  <testcase classname="miniproject.Tests.StandAloneTest" name="OrderHistoryTest" time="5.586"/>
</testsuite> <!-- miniproject.Tests.StandAloneTest -->
