<?xml version="1.0" encoding="UTF-8"?>
<!-- Generated by org.testng.reporters.JUnitReportReporter -->
<testsuite hostname="DESKTOP-QVJEVT1" failures="0" tests="3" name="miniproject.Tests.SubmitOrderTest" time="22.202" errors="0" timestamp="2024-08-04T20:38:21 IST" skipped="0">
  <testcase classname="miniproject.Tests.SubmitOrderTest" name="SubmitOrder" time="6.124"/>
  <testcase classname="miniproject.Tests.SubmitOrderTest" name="SubmitOrder" time="9.225"/>
  <testcase classname="miniproject.Tests.SubmitOrderTest" name="OrderHistoryTest" time="6.853"/>
</testsuite> <!-- miniproject.Tests.SubmitOrderTest -->
