<?xml version="1.0" encoding="UTF-8"?>
<!-- Generated by org.testng.reporters.JUnitReportReporter -->
<testsuite hostname="DESKTOP-QVJEVT1" failures="0" tests="3" name="miniproject.Tests.SubmitOrderTest" time="33.005" errors="0" timestamp="2024-03-27T16:47:54 IST" skipped="0">
  <testcase classname="miniproject.Tests.SubmitOrderTest" name="OrderHistoryTest" time="7.134"/>
  <testcase classname="miniproject.Tests.SubmitOrderTest" name="SubmitOrder" time="14.091"/>
  <testcase classname="miniproject.Tests.SubmitOrderTest" name="SubmitOrder" time="11.780"/>
</testsuite> <!-- miniproject.Tests.SubmitOrderTest -->
